Arguments: 
  C:\Program Files\nodejs\node.exe C:\Users\Temor AL-Kaisi\AppData\Roaming\npm\node_modules\yarn\bin\yarn.js add @types/rx --dev

PATH: 
  C:\Program Files (x86)\Common Files\Oracle\Java\javapath;C:\Python27\;C:\Python27\Scripts;C:\Windows\system32;C:\Windows;C:\Windows\System32\Wbem;C:\Windows\System32\WindowsPowerShell\v1.0\;C:\Windows\System32\OpenSSH\;C:\Program Files (x86)\Brackets\command;C:\Program Files\dotnet\;C:\Program Files\Microsoft SQL Server\130\Tools\Binn\;C:\Program Files\Git\cmd;C:\Program Files (x86)\NVIDIA Corporation\PhysX\Common;C:\ProgramData\chocolatey\bin;;C:\WINDOWS\system32;C:\WINDOWS;C:\WINDOWS\System32\Wbem;C:\WINDOWS\System32\WindowsPowerShell\v1.0\;C:\WINDOWS\System32\OpenSSH\;C:\Program Files\nodejs\;C:\Android\Sdk\platform-tools;C:\Users\Temor AL-Kaisi\AppData\Local\Programs\Microsoft VS Code\bin;C:\Users\Temor AL-Kaisi\AppData\Roaming\npm

Yarn version: 
  1.13.0

Node version: 
  11.9.0

Platform: 
  win32 x64

Trace: 
  Error: EPERM: operation not permitted, unlink 'A:\Users\Temor AL-Kaisi\Music\ShareTime\node_modules\node-sass\vendor\win32-x64-67\binding.node'

npm manifest: 
  {
    "name": "ShareTime",
    "version": "0.0.1",
    "author": "Ionic Framework",
    "homepage": "https://ionicframework.com/",
    "scripts": {
      "ng": "ng",
      "start": "ng serve",
      "build": "ng build",
      "test": "ng test",
      "lint": "ng lint",
      "e2e": "ng e2e"
    },
    "private": true,
    "dependencies": {
      "@angular/common": "^7.2.2",
      "@angular/core": "^7.2.2",
      "@angular/fire": "^5.1.2",
      "@angular/forms": "^7.2.2",
      "@angular/http": "^7.2.2",
      "@angular/platform-browser": "^7.2.2",
      "@angular/platform-browser-dynamic": "^7.2.2",
      "@angular/router": "^7.2.2",
      "@ionic-native/camera": "^5.3.0",
      "@ionic-native/core": "^5.0.0",
      "@ionic-native/facebook": "^5.3.0",
      "@ionic-native/firebase": "^5.0.0-beta.14",
      "@ionic-native/google-plus": "^5.3.0",
      "@ionic-native/ionic-webview": "^5.3.0",
      "@ionic-native/splash-screen": "^5.0.0",
      "@ionic-native/status-bar": "^5.0.0",
      "@ionic/angular": "^4.1.0",
      "@ionic/storage": "^2.2.0",
      "cordova-android": "7.1.4",
      "cordova-plugin-camera": "4.0.3",
      "cordova-plugin-device": "^2.0.2",
      "cordova-plugin-facebook4": "4.2.1",
      "cordova-plugin-firebase": "2.0.5",
      "cordova-plugin-googleplus": "7.0.1",
      "cordova-plugin-ionic-keyboard": "^2.1.3",
      "cordova-plugin-ionic-webview": "^3.1.2",
      "cordova-plugin-splashscreen": "^5.0.2",
      "cordova-plugin-statusbar": "^2.4.2",
      "cordova-plugin-whitelist": "^1.3.3",
      "cordova-sqlite-storage": "3.2.0",
      "core-js": "^2.5.4",
      "firebase": "^5.9.2",
      "rxjs": "~6.3.3",
      "zone.js": "~0.8.29"
    },
    "devDependencies": {
      "@angular-devkit/architect": "~0.12.3",
      "@angular-devkit/build-angular": "^0.13.8",
      "@angular-devkit/core": "~7.2.3",
      "@angular-devkit/schematics": "~7.2.3",
      "@angular/cli": "~7.3.1",
      "@angular/compiler": "~7.2.2",
      "@angular/compiler-cli": "~7.2.2",
      "@angular/language-service": "~7.2.2",
      "@ionic/angular-toolkit": "~1.4.0",
      "@ionic/lab": "1.0.24",
      "@types/jasmine": "~2.8.8",
      "@types/jasminewd2": "~2.0.3",
      "@types/node": "~10.14.2",
      "codelyzer": "~4.5.0",
      "jasmine-core": "~2.99.1",
      "jasmine-spec-reporter": "~4.2.1",
      "karma": "^4.0.1",
      "karma-chrome-launcher": "~2.2.0",
      "karma-coverage-istanbul-reporter": "~2.0.1",
      "karma-jasmine": "~1.1.2",
      "karma-jasmine-html-reporter": "^0.2.2",
      "protractor": "~5.4.0",
      "ts-node": "~8.0.0",
      "tslint": "~5.12.0",
      "typescript": "~3.1.6"
    },
    "description": "An Ionic project",
    "cordova": {
      "plugins": {
        "cordova-plugin-whitelist": {},
        "cordova-plugin-statusbar": {},
        "cordova-plugin-device": {},
        "cordova-plugin-splashscreen": {},
        "cordova-plugin-ionic-webview": {},
        "cordova-plugin-ionic-keyboard": {},
        "cordova-plugin-camera": {},
        "cordova-plugin-googleplus": {
          "REVERSED_CLIENT_ID": "com.googleusercontent.apps.702220613146-aqeco7p49ul4m0bbqe92s2nmem72ic78",
          "PLAY_SERVICES_VERSION": "11.8.0"
        },
        "cordova-plugin-facebook4": {
          "APP_ID": "1833012773470498",
          "APP_NAME": "ionic-ShareTime",
          "FACEBOOK_HYBRID_APP_EVENTS": "false",
          "FACEBOOK_ANDROID_SDK_VERSION": "4.40.0"
        },
        "cordova-sqlite-storage": {},
        "cordova-plugin-firebase": {}
      },
      "platforms": [
        "android"
      ]
    }
  }

yarn manifest: 
  No manifest

Lockfile: 
  No lockfile
